# JRE version: OpenJDK Runtime Environment Corretto-17.0.12.7.1 (17.0.12+7) (build 17.0.12+7-LTS)
# Java VM: OpenJDK 64-Bit Server VM Corretto-17.0.12.7.1 (17.0.12+7-LTS, mixed mode, sharing, tiered, compressed oops, compressed class ptrs, g1 gc, windows-amd64)
GC Precious Log:
 CPUs: 8 total, 8 available
 Memory: 16235M
 Large Page Support: Disabled
 NUMA Support: Disabled
 Compressed Oops: Enabled (Zero based)
 Heap Region Size: 2M
 Heap Min Capacity: 8M
 Heap Initial Capacity: 254M
 Heap Max Capacity: 4060M
 Pre-touch: Disabled
 Parallel Workers: 8
 Concurrent Workers: 2
 Concurrent Refinement Workers: 8
 Periodic GC: Disabled
Heap:
 garbage-first heap   total 61440K, used 39203K [0x0000000702400000, 0x0000000800000000)
  region size 2048K, 9 young (18432K), 2 survivors (4096K)
 Metaspace       used 66214K, committed 66816K, reserved 1114112K
  class space    used 8930K, committed 9216K, reserved 1048576K
GC Heap History (20 events):
Event: 15.984 GC heap before
{Heap before GC invocations=7 (full 0):
 garbage-first heap   total 61440K, used 41219K [0x0000000702400000, 0x0000000800000000)
  region size 2048K, 13 young (26624K), 1 survivors (2048K)
 Metaspace       used 28137K, committed 28544K, reserved 1114112K
  class space    used 3654K, committed 3840K, reserved 1048576K
}
Event: 16.000 GC heap after
{Heap after GC invocations=8 (full 0):
 garbage-first heap   total 61440K, used 18059K [0x0000000702400000, 0x0000000800000000)
  region size 2048K, 2 young (4096K), 2 survivors (4096K)
 Metaspace       used 28137K, committed 28544K, reserved 1114112K
  class space    used 3654K, committed 3840K, reserved 1048576K
}
Event: 20.489 GC heap before
{Heap before GC invocations=8 (full 0):
 garbage-first heap   total 61440K, used 42635K [0x0000000702400000, 0x0000000800000000)
  region size 2048K, 14 young (28672K), 2 survivors (4096K)
 Metaspace       used 32770K, committed 33152K, reserved 1114112K
  class space    used 4253K, committed 4416K, reserved 1048576K
}
Event: 20.507 GC heap after
{Heap after GC invocations=9 (full 0):
 garbage-first heap   total 61440K, used 20166K [0x0000000702400000, 0x0000000800000000)
  region size 2048K, 2 young (4096K), 2 survivors (4096K)
 Metaspace       used 32770K, committed 33152K, reserved 1114112K
  class space    used 4253K, committed 4416K, reserved 1048576K
}
Event: 22.185 GC heap before
{Heap before GC invocations=9 (full 0):
 garbage-first heap   total 61440K, used 32454K [0x0000000702400000, 0x0000000800000000)
  region size 2048K, 9 young (18432K), 2 survivors (4096K)
 Metaspace       used 35578K, committed 35968K, reserved 1114112K
  class space    used 4626K, committed 4800K, reserved 1048576K
}
Event: 22.201 GC heap after
{Heap after GC invocations=10 (full 0):
 garbage-first heap   total 61440K, used 21220K [0x0000000702400000, 0x0000000800000000)
  region size 2048K, 1 young (2048K), 1 survivors (2048K)
 Metaspace       used 35578K, committed 35968K, reserved 1114112K
  class space    used 4626K, committed 4800K, reserved 1048576K
}
Event: 25.311 GC heap before
{Heap before GC invocations=11 (full 0):
 garbage-first heap   total 61440K, used 43748K [0x0000000702400000, 0x0000000800000000)
  region size 2048K, 13 young (26624K), 1 survivors (2048K)
 Metaspace       used 40615K, committed 41024K, reserved 1114112K
  class space    used 5423K, committed 5632K, reserved 1048576K
}
Event: 25.320 GC heap after
{Heap after GC invocations=12 (full 0):
 garbage-first heap   total 61440K, used 22338K [0x0000000702400000, 0x0000000800000000)
  region size 2048K, 2 young (4096K), 2 survivors (4096K)
 Metaspace       used 40615K, committed 41024K, reserved 1114112K
  class space    used 5423K, committed 5632K, reserved 1048576K
}
Event: 25.456 GC heap before
{Heap before GC invocations=12 (full 0):
 garbage-first heap   total 61440K, used 24386K [0x0000000702400000, 0x0000000800000000)
  region size 2048K, 3 young (6144K), 2 survivors (4096K)
 Metaspace       used 41544K, committed 41984K, reserved 1114112K
  class space    used 5523K, committed 5696K, reserved 1048576K
}
Event: 25.470 GC heap after
{Heap after GC invocations=13 (full 0):
 garbage-first heap   total 61440K, used 22106K [0x0000000702400000, 0x0000000800000000)
  region size 2048K, 1 young (2048K), 1 survivors (2048K)
 Metaspace       used 41544K, committed 41984K, reserved 1114112K
  class space    used 5523K, committed 5696K, reserved 1048576K
}
Event: 27.551 GC heap before
{Heap before GC invocations=13 (full 0):
 garbage-first heap   total 61440K, used 42586K [0x0000000702400000, 0x0000000800000000)
  region size 2048K, 12 young (24576K), 1 survivors (2048K)
 Metaspace       used 49797K, committed 50176K, reserved 1114112K
  class space    used 6542K, committed 6720K, reserved 1048576K
}
Event: 27.560 GC heap after
{Heap after GC invocations=14 (full 0):
 garbage-first heap   total 61440K, used 24058K [0x0000000702400000, 0x0000000800000000)
  region size 2048K, 2 young (4096K), 2 survivors (4096K)
 Metaspace       used 49797K, committed 50176K, reserved 1114112K
  class space    used 6542K, committed 6720K, reserved 1048576K
}
Event: 28.770 GC heap before
{Heap before GC invocations=14 (full 0):
 garbage-first heap   total 61440K, used 44538K [0x0000000702400000, 0x0000000800000000)
  region size 2048K, 12 young (24576K), 2 survivors (4096K)
 Metaspace       used 53734K, committed 54272K, reserved 1114112K
  class space    used 7009K, committed 7296K, reserved 1048576K
}
Event: 28.779 GC heap after
{Heap after GC invocations=15 (full 0):
 garbage-first heap   total 61440K, used 25046K [0x0000000702400000, 0x0000000800000000)
  region size 2048K, 1 young (2048K), 1 survivors (2048K)
 Metaspace       used 53734K, committed 54272K, reserved 1114112K
  class space    used 7009K, committed 7296K, reserved 1048576K
}
Event: 30.141 GC heap before
{Heap before GC invocations=15 (full 0):
 garbage-first heap   total 61440K, used 45526K [0x0000000702400000, 0x0000000800000000)
  region size 2048K, 12 young (24576K), 1 survivors (2048K)
 Metaspace       used 59720K, committed 60224K, reserved 1114112K
  class space    used 8010K, committed 8256K, reserved 1048576K
}
Event: 30.149 GC heap after
{Heap after GC invocations=16 (full 0):
 garbage-first heap   total 61440K, used 25587K [0x0000000702400000, 0x0000000800000000)
  region size 2048K, 1 young (2048K), 1 survivors (2048K)
 Metaspace       used 59720K, committed 60224K, reserved 1114112K
  class space    used 8010K, committed 8256K, reserved 1048576K
}
Event: 30.222 GC heap before
{Heap before GC invocations=16 (full 0):
 garbage-first heap   total 61440K, used 25587K [0x0000000702400000, 0x0000000800000000)
  region size 2048K, 2 young (4096K), 1 survivors (2048K)
 Metaspace       used 59798K, committed 60288K, reserved 1114112K
  class space    used 8012K, committed 8256K, reserved 1048576K
}
Event: 30.229 GC heap after
{Heap after GC invocations=17 (full 0):
 garbage-first heap   total 61440K, used 25662K [0x0000000702400000, 0x0000000800000000)
  region size 2048K, 1 young (2048K), 1 survivors (2048K)
 Metaspace       used 59798K, committed 60288K, reserved 1114112K
  class space    used 8012K, committed 8256K, reserved 1048576K
}
Event: 31.406 GC heap before
{Heap before GC invocations=18 (full 0):
 garbage-first heap   total 61440K, used 48190K [0x0000000702400000, 0x0000000800000000)
  region size 2048K, 12 young (24576K), 1 survivors (2048K)
 Metaspace       used 63591K, committed 64128K, reserved 1114112K
  class space    used 8570K, committed 8832K, reserved 1048576K
}
Event: 31.419 GC heap after
{Heap after GC invocations=19 (full 0):
 garbage-first heap   total 61440K, used 26915K [0x0000000702400000, 0x0000000800000000)
  region size 2048K, 2 young (4096K), 2 survivors (4096K)
 Metaspace       used 63591K, committed 64128K, reserved 1114112K
  class space    used 8570K, committed 8832K, reserved 1048576K
}

