# JRE version: OpenJDK Runtime Environment Corretto-17.0.12.7.1 (17.0.12+7) (build 17.0.12+7-LTS)
# Java VM: OpenJDK 64-Bit Server VM Corretto-17.0.12.7.1 (17.0.12+7-LTS, mixed mode, sharing, tiered, compressed oops, compressed class ptrs, g1 gc, windows-amd64)
GC Precious Log:
 CPUs: 8 total, 8 available
 Memory: 16235M
 Large Page Support: Disabled
 NUMA Support: Disabled
 Compressed Oops: Enabled (Zero based)
 Heap Region Size: 2M
 Heap Min Capacity: 8M
 Heap Initial Capacity: 254M
 Heap Max Capacity: 4060M
 Pre-touch: Disabled
 Parallel Workers: 8
 Concurrent Workers: 2
 Concurrent Refinement Workers: 8
 Periodic GC: Disabled
Heap:
 garbage-first heap   total 81920K, used 54723K [0x0000000702400000, 0x0000000800000000)
  region size 2048K, 13 young (26624K), 2 survivors (4096K)
 Metaspace       used 78486K, committed 79104K, reserved 1179648K
  class space    used 10530K, committed 10816K, reserved 1048576K
GC Heap History (20 events):
Event: 4.791 GC heap before
{Heap before GC invocations=7 (full 0):
 garbage-first heap   total 61440K, used 41271K [0x0000000702400000, 0x0000000800000000)
  region size 2048K, 13 young (26624K), 1 survivors (2048K)
 Metaspace       used 28680K, committed 29056K, reserved 1114112K
  class space    used 3721K, committed 3904K, reserved 1048576K
}
Event: 4.802 GC heap after
{Heap after GC invocations=8 (full 0):
 garbage-first heap   total 61440K, used 18110K [0x0000000702400000, 0x0000000800000000)
  region size 2048K, 2 young (4096K), 2 survivors (4096K)
 Metaspace       used 28680K, committed 29056K, reserved 1114112K
  class space    used 3721K, committed 3904K, reserved 1048576K
}
Event: 5.768 GC heap before
{Heap before GC invocations=8 (full 0):
 garbage-first heap   total 61440K, used 42686K [0x0000000702400000, 0x0000000800000000)
  region size 2048K, 14 young (28672K), 2 survivors (4096K)
 Metaspace       used 33322K, committed 33728K, reserved 1114112K
  class space    used 4320K, committed 4480K, reserved 1048576K
}
Event: 5.776 GC heap after
{Heap after GC invocations=9 (full 0):
 garbage-first heap   total 161792K, used 20285K [0x0000000702400000, 0x0000000800000000)
  region size 2048K, 2 young (4096K), 2 survivors (4096K)
 Metaspace       used 33322K, committed 33728K, reserved 1114112K
  class space    used 4320K, committed 4480K, reserved 1048576K
}
Event: 6.097 GC heap before
{Heap before GC invocations=9 (full 0):
 garbage-first heap   total 161792K, used 30525K [0x0000000702400000, 0x0000000800000000)
  region size 2048K, 8 young (16384K), 2 survivors (4096K)
 Metaspace       used 35559K, committed 35968K, reserved 1114112K
  class space    used 4635K, committed 4864K, reserved 1048576K
}
Event: 6.103 GC heap after
{Heap after GC invocations=10 (full 0):
 garbage-first heap   total 161792K, used 20991K [0x0000000702400000, 0x0000000800000000)
  region size 2048K, 3 young (6144K), 3 survivors (6144K)
 Metaspace       used 35559K, committed 35968K, reserved 1114112K
  class space    used 4635K, committed 4864K, reserved 1048576K
}
Event: 7.559 GC heap before
{Heap before GC invocations=11 (full 0):
 garbage-first heap   total 81920K, used 63999K [0x0000000702400000, 0x0000000800000000)
  region size 2048K, 24 young (49152K), 3 survivors (6144K)
 Metaspace       used 48992K, committed 49472K, reserved 1114112K
  class space    used 6456K, committed 6720K, reserved 1048576K
}
Event: 7.573 GC heap after
{Heap after GC invocations=12 (full 0):
 garbage-first heap   total 81920K, used 24236K [0x0000000702400000, 0x0000000800000000)
  region size 2048K, 3 young (6144K), 3 survivors (6144K)
 Metaspace       used 48992K, committed 49472K, reserved 1114112K
  class space    used 6456K, committed 6720K, reserved 1048576K
}
Event: 7.627 GC heap before
{Heap before GC invocations=12 (full 0):
 garbage-first heap   total 81920K, used 24236K [0x0000000702400000, 0x0000000800000000)
  region size 2048K, 4 young (8192K), 3 survivors (6144K)
 Metaspace       used 49403K, committed 49920K, reserved 1114112K
  class space    used 6524K, committed 6784K, reserved 1048576K
}
Event: 7.638 GC heap after
{Heap after GC invocations=13 (full 0):
 garbage-first heap   total 81920K, used 24764K [0x0000000702400000, 0x0000000800000000)
  region size 2048K, 1 young (2048K), 1 survivors (2048K)
 Metaspace       used 49403K, committed 49920K, reserved 1114112K
  class space    used 6524K, committed 6784K, reserved 1048576K
}
Event: 8.564 GC heap before
{Heap before GC invocations=13 (full 0):
 garbage-first heap   total 81920K, used 61628K [0x0000000702400000, 0x0000000800000000)
  region size 2048K, 19 young (38912K), 1 survivors (2048K)
 Metaspace       used 57844K, committed 58368K, reserved 1114112K
  class space    used 7706K, committed 7936K, reserved 1048576K
}
Event: 8.571 GC heap after
{Heap after GC invocations=14 (full 0):
 garbage-first heap   total 81920K, used 25483K [0x0000000702400000, 0x0000000800000000)
  region size 2048K, 1 young (2048K), 1 survivors (2048K)
 Metaspace       used 57844K, committed 58368K, reserved 1114112K
  class space    used 7706K, committed 7936K, reserved 1048576K
}
Event: 8.858 GC heap before
{Heap before GC invocations=14 (full 0):
 garbage-first heap   total 81920K, used 37771K [0x0000000702400000, 0x0000000800000000)
  region size 2048K, 8 young (16384K), 1 survivors (2048K)
 Metaspace       used 59855K, committed 60288K, reserved 1114112K
  class space    used 8032K, committed 8256K, reserved 1048576K
}
Event: 8.866 GC heap after
{Heap after GC invocations=15 (full 0):
 garbage-first heap   total 81920K, used 25906K [0x0000000702400000, 0x0000000800000000)
  region size 2048K, 2 young (4096K), 2 survivors (4096K)
 Metaspace       used 59855K, committed 60288K, reserved 1114112K
  class space    used 8032K, committed 8256K, reserved 1048576K
}
Event: 10.246 GC heap before
{Heap before GC invocations=16 (full 0):
 garbage-first heap   total 81920K, used 62770K [0x0000000702400000, 0x0000000800000000)
  region size 2048K, 20 young (40960K), 2 survivors (4096K)
 Metaspace       used 67086K, committed 67648K, reserved 1114112K
  class space    used 9066K, committed 9344K, reserved 1048576K
}
Event: 10.252 GC heap after
{Heap after GC invocations=17 (full 0):
 garbage-first heap   total 81920K, used 28325K [0x0000000702400000, 0x0000000800000000)
  region size 2048K, 3 young (6144K), 3 survivors (6144K)
 Metaspace       used 67086K, committed 67648K, reserved 1114112K
  class space    used 9066K, committed 9344K, reserved 1048576K
}
Event: 11.347 GC heap before
{Heap before GC invocations=17 (full 0):
 garbage-first heap   total 81920K, used 63141K [0x0000000702400000, 0x0000000800000000)
  region size 2048K, 20 young (40960K), 3 survivors (6144K)
 Metaspace       used 70925K, committed 71488K, reserved 1114112K
  class space    used 9562K, committed 9856K, reserved 1048576K
}
Event: 11.355 GC heap after
{Heap after GC invocations=18 (full 0):
 garbage-first heap   total 81920K, used 31684K [0x0000000702400000, 0x0000000800000000)
  region size 2048K, 3 young (6144K), 3 survivors (6144K)
 Metaspace       used 70925K, committed 71488K, reserved 1114112K
  class space    used 9562K, committed 9856K, reserved 1048576K
}
Event: 32.826 GC heap before
{Heap before GC invocations=18 (full 0):
 garbage-first heap   total 81920K, used 64452K [0x0000000702400000, 0x0000000800000000)
  region size 2048K, 19 young (38912K), 3 survivors (6144K)
 Metaspace       used 75966K, committed 76608K, reserved 1179648K
  class space    used 10217K, committed 10496K, reserved 1048576K
}
Event: 32.837 GC heap after
{Heap after GC invocations=19 (full 0):
 garbage-first heap   total 81920K, used 34243K [0x0000000702400000, 0x0000000800000000)
  region size 2048K, 2 young (4096K), 2 survivors (4096K)
 Metaspace       used 75966K, committed 76608K, reserved 1179648K
  class space    used 10217K, committed 10496K, reserved 1048576K
}

