# JRE version: OpenJDK Runtime Environment Corretto-17.0.12.7.1 (17.0.12+7) (build 17.0.12+7-LTS)
# Java VM: OpenJDK 64-Bit Server VM Corretto-17.0.12.7.1 (17.0.12+7-LTS, mixed mode, sharing, tiered, compressed oops, compressed class ptrs, g1 gc, windows-amd64)
GC Precious Log:
 CPUs: 8 total, 8 available
 Memory: 16235M
 Large Page Support: Disabled
 NUMA Support: Disabled
 Compressed Oops: Enabled (32-bit)
 Heap Region Size: 1M
 Heap Min Capacity: 256M
 Heap Initial Capacity: 256M
 Heap Max Capacity: 512M
 Pre-touch: Disabled
 Parallel Workers: 8
 Concurrent Workers: 2
 Concurrent Refinement Workers: 8
 Periodic GC: Disabled
Heap:
 garbage-first heap   total 404480K, used 265276K [0x00000000e0000000, 0x0000000100000000)
  region size 1024K, 121 young (123904K), 13 survivors (13312K)
 Metaspace       used 102360K, committed 103552K, reserved 458752K
  class space    used 13507K, committed 14144K, reserved 327680K
GC Heap History (20 events):
Event: 1148.546 GC heap before
{Heap before GC invocations=68 (full 0):
 garbage-first heap   total 404480K, used 329706K [0x00000000e0000000, 0x0000000100000000)
  region size 1024K, 182 young (186368K), 3 survivors (3072K)
 Metaspace       used 90011K, committed 90816K, reserved 458752K
  class space    used 12119K, committed 12480K, reserved 327680K
}
Event: 1148.565 GC heap after
{Heap after GC invocations=69 (full 0):
 garbage-first heap   total 404480K, used 154533K [0x00000000e0000000, 0x0000000100000000)
  region size 1024K, 10 young (10240K), 10 survivors (10240K)
 Metaspace       used 90011K, committed 90816K, reserved 458752K
  class space    used 12119K, committed 12480K, reserved 327680K
}
Event: 2467.462 GC heap before
{Heap before GC invocations=69 (full 0):
 garbage-first heap   total 404480K, used 331685K [0x00000000e0000000, 0x0000000100000000)
  region size 1024K, 184 young (188416K), 10 survivors (10240K)
 Metaspace       used 90551K, committed 91392K, reserved 458752K
  class space    used 12148K, committed 12544K, reserved 327680K
}
Event: 2467.484 GC heap after
{Heap after GC invocations=70 (full 0):
 garbage-first heap   total 404480K, used 162198K [0x00000000e0000000, 0x0000000100000000)
  region size 1024K, 18 young (18432K), 18 survivors (18432K)
 Metaspace       used 90551K, committed 91392K, reserved 458752K
  class space    used 12148K, committed 12544K, reserved 327680K
}
Event: 9554.925 GC heap before
{Heap before GC invocations=70 (full 0):
 garbage-first heap   total 404480K, used 333206K [0x00000000e0000000, 0x0000000100000000)
  region size 1024K, 186 young (190464K), 18 survivors (18432K)
 Metaspace       used 90934K, committed 91840K, reserved 458752K
  class space    used 12177K, committed 12608K, reserved 327680K
}
Event: 9554.951 GC heap after
{Heap after GC invocations=71 (full 0):
 garbage-first heap   total 404480K, used 158678K [0x00000000e0000000, 0x0000000100000000)
  region size 1024K, 6 young (6144K), 6 survivors (6144K)
 Metaspace       used 90934K, committed 91840K, reserved 458752K
  class space    used 12177K, committed 12608K, reserved 327680K
}
Event: 9556.810 GC heap before
{Heap before GC invocations=72 (full 0):
 garbage-first heap   total 404480K, used 334806K [0x00000000e0000000, 0x0000000100000000)
  region size 1024K, 179 young (183296K), 6 survivors (6144K)
 Metaspace       used 91272K, committed 92160K, reserved 458752K
  class space    used 12206K, committed 12608K, reserved 327680K
}
Event: 9556.832 GC heap after
{Heap after GC invocations=73 (full 0):
 garbage-first heap   total 404480K, used 174338K [0x00000000e0000000, 0x0000000100000000)
  region size 1024K, 21 young (21504K), 21 survivors (21504K)
 Metaspace       used 91272K, committed 92160K, reserved 458752K
  class space    used 12206K, committed 12608K, reserved 327680K
}
Event: 9556.838 GC heap before
{Heap before GC invocations=73 (full 0):
 garbage-first heap   total 404480K, used 175362K [0x00000000e0000000, 0x0000000100000000)
  region size 1024K, 22 young (22528K), 21 survivors (21504K)
 Metaspace       used 91272K, committed 92160K, reserved 458752K
  class space    used 12206K, committed 12608K, reserved 327680K
}
Event: 9556.873 GC heap after
{Heap after GC invocations=74 (full 0):
 garbage-first heap   total 404480K, used 156935K [0x00000000e0000000, 0x0000000100000000)
  region size 1024K, 2 young (2048K), 2 survivors (2048K)
 Metaspace       used 91272K, committed 92160K, reserved 458752K
  class space    used 12206K, committed 12608K, reserved 327680K
}
Event: 10693.037 GC heap before
{Heap before GC invocations=74 (full 0):
 garbage-first heap   total 404480K, used 328967K [0x00000000e0000000, 0x0000000100000000)
  region size 1024K, 169 young (173056K), 2 survivors (2048K)
 Metaspace       used 103239K, committed 104192K, reserved 458752K
  class space    used 13669K, committed 14144K, reserved 327680K
}
Event: 10693.045 GC heap after
{Heap after GC invocations=75 (full 0):
 garbage-first heap   total 404480K, used 164038K [0x00000000e0000000, 0x0000000100000000)
  region size 1024K, 8 young (8192K), 8 survivors (8192K)
 Metaspace       used 103239K, committed 104192K, reserved 458752K
  class space    used 13669K, committed 14144K, reserved 327680K
}
Event: 10842.436 GC heap before
{Heap before GC invocations=75 (full 0):
 garbage-first heap   total 404480K, used 325830K [0x00000000e0000000, 0x0000000100000000)
  region size 1024K, 168 young (172032K), 8 survivors (8192K)
 Metaspace       used 103443K, committed 104448K, reserved 458752K
  class space    used 13699K, committed 14208K, reserved 327680K
}
Event: 10842.451 GC heap after
{Heap after GC invocations=76 (full 0):
 garbage-first heap   total 404480K, used 171289K [0x00000000e0000000, 0x0000000100000000)
  region size 1024K, 16 young (16384K), 16 survivors (16384K)
 Metaspace       used 103443K, committed 104448K, reserved 458752K
  class space    used 13699K, committed 14208K, reserved 327680K
}
Event: 11700.947 GC heap before
{Heap before GC invocations=77 (full 0):
 garbage-first heap   total 404480K, used 328555K [0x00000000e0000000, 0x0000000100000000)
  region size 1024K, 171 young (175104K), 16 survivors (16384K)
 Metaspace       used 102019K, committed 103232K, reserved 458752K
  class space    used 13480K, committed 14144K, reserved 327680K
}
Event: 11700.964 GC heap after
{Heap after GC invocations=78 (full 0):
 garbage-first heap   total 404480K, used 159843K [0x00000000e0000000, 0x0000000100000000)
  region size 1024K, 10 young (10240K), 10 survivors (10240K)
 Metaspace       used 102019K, committed 103232K, reserved 458752K
  class space    used 13480K, committed 14144K, reserved 327680K
}
Event: 11701.200 GC heap before
{Heap before GC invocations=78 (full 0):
 garbage-first heap   total 404480K, used 169059K [0x00000000e0000000, 0x0000000100000000)
  region size 1024K, 19 young (19456K), 10 survivors (10240K)
 Metaspace       used 102036K, committed 103232K, reserved 458752K
  class space    used 13480K, committed 14144K, reserved 327680K
}
Event: 11701.220 GC heap after
{Heap after GC invocations=79 (full 0):
 garbage-first heap   total 404480K, used 146565K [0x00000000e0000000, 0x0000000100000000)
  region size 1024K, 3 young (3072K), 3 survivors (3072K)
 Metaspace       used 102036K, committed 103232K, reserved 458752K
  class space    used 13480K, committed 14144K, reserved 327680K
}
Event: 11728.547 GC heap before
{Heap before GC invocations=79 (full 0):
 garbage-first heap   total 404480K, used 326789K [0x00000000e0000000, 0x0000000100000000)
  region size 1024K, 179 young (183296K), 3 survivors (3072K)
 Metaspace       used 102279K, committed 103424K, reserved 458752K
  class space    used 13498K, committed 14144K, reserved 327680K
}
Event: 11728.565 GC heap after
{Heap after GC invocations=80 (full 0):
 garbage-first heap   total 404480K, used 156732K [0x00000000e0000000, 0x0000000100000000)
  region size 1024K, 13 young (13312K), 13 survivors (13312K)
 Metaspace       used 102279K, committed 103424K, reserved 458752K
  class space    used 13498K, committed 14144K, reserved 327680K
}

